# JRE version: OpenJDK Runtime Environment Corretto-21.0.6.7.1 (21.0.6+7) (build 21.0.6+7-LTS)
# Java VM: OpenJDK 64-Bit Server VM Corretto-21.0.6.7.1 (21.0.6+7-LTS, mixed mode, emulated-client, sharing, tiered, compressed oops, compressed class ptrs, g1 gc, windows-amd64)
GC Precious Log:
 CardTable entry size: 512
 Card Set container configuration: InlinePtr #cards 5 size 8 Array Of Cards #cards 12 size 40 Howl #buckets 4 coarsen threshold 1843 Howl Bitmap #cards 512 size 80 coarsen threshold 460 Card regions per heap region 1 cards per card region 2048
 CPUs: 8 total, 8 available
 Memory: 8071M
 Large Page Support: Disabled
 NUMA Support: Disabled
 Compressed Oops: Enabled (32-bit)
 Heap Region Size: 1M
 Heap Min Capacity: 8M
 Heap Initial Capacity: 128M
 Heap Max Capacity: 2018M
 Pre-touch: Disabled
 Parallel Workers: 8
 Concurrent Workers: 2
 Concurrent Refinement Workers: 8
 Periodic GC: Disabled
Heap:
 garbage-first heap   total 78848K, used 34559K [0x0000000081e00000, 0x0000000100000000)
  region size 1024K, 7 young (7168K), 4 survivors (4096K)
 Metaspace       used 54635K, committed 55296K, reserved 1114112K
  class space    used 7580K, committed 7872K, reserved 1048576K
GC Heap History (18 events):
Event: 1.080 GC heap before
{Heap before GC invocations=0 (full 0):
 garbage-first heap   total 131072K, used 26624K [0x0000000081e00000, 0x0000000100000000)
  region size 1024K, 23 young (23552K), 0 survivors (0K)
 Metaspace       used 6732K, committed 7040K, reserved 1114112K
  class space    used 800K, committed 960K, reserved 1048576K
}
Event: 1.087 GC heap after
{Heap after GC invocations=1 (full 0):
 garbage-first heap   total 131072K, used 10581K [0x0000000081e00000, 0x0000000100000000)
  region size 1024K, 3 young (3072K), 3 survivors (3072K)
 Metaspace       used 6732K, committed 7040K, reserved 1114112K
  class space    used 800K, committed 960K, reserved 1048576K
}
Event: 1.543 GC heap before
{Heap before GC invocations=1 (full 0):
 garbage-first heap   total 131072K, used 39253K [0x0000000081e00000, 0x0000000100000000)
  region size 1024K, 28 young (28672K), 3 survivors (3072K)
 Metaspace       used 10587K, committed 10944K, reserved 1114112K
  class space    used 1291K, committed 1472K, reserved 1048576K
}
Event: 1.550 GC heap after
{Heap after GC invocations=2 (full 0):
 garbage-first heap   total 131072K, used 15085K [0x0000000081e00000, 0x0000000100000000)
  region size 1024K, 4 young (4096K), 4 survivors (4096K)
 Metaspace       used 10587K, committed 10944K, reserved 1114112K
  class space    used 1291K, committed 1472K, reserved 1048576K
}
Event: 2.317 GC heap before
{Heap before GC invocations=2 (full 0):
 garbage-first heap   total 131072K, used 61165K [0x0000000081e00000, 0x0000000100000000)
  region size 1024K, 51 young (52224K), 4 survivors (4096K)
 Metaspace       used 21053K, committed 21504K, reserved 1114112K
  class space    used 2749K, committed 2944K, reserved 1048576K
}
Event: 2.325 GC heap after
{Heap after GC invocations=3 (full 0):
 garbage-first heap   total 131072K, used 18858K [0x0000000081e00000, 0x0000000100000000)
  region size 1024K, 8 young (8192K), 8 survivors (8192K)
 Metaspace       used 21053K, committed 21504K, reserved 1114112K
  class space    used 2749K, committed 2944K, reserved 1048576K
}
Event: 2.861 GC heap before
{Heap before GC invocations=4 (full 0):
 garbage-first heap   total 65536K, used 48554K [0x0000000081e00000, 0x0000000100000000)
  region size 1024K, 38 young (38912K), 8 survivors (8192K)
 Metaspace       used 23610K, committed 24064K, reserved 1114112K
  class space    used 3079K, committed 3264K, reserved 1048576K
}
Event: 2.870 GC heap after
{Heap after GC invocations=5 (full 0):
 garbage-first heap   total 65536K, used 22865K [0x0000000081e00000, 0x0000000100000000)
  region size 1024K, 4 young (4096K), 4 survivors (4096K)
 Metaspace       used 23610K, committed 24064K, reserved 1114112K
  class space    used 3079K, committed 3264K, reserved 1048576K
}
Event: 3.281 GC heap before
{Heap before GC invocations=5 (full 0):
 garbage-first heap   total 65536K, used 49489K [0x0000000081e00000, 0x0000000100000000)
  region size 1024K, 30 young (30720K), 4 survivors (4096K)
 Metaspace       used 26785K, committed 27264K, reserved 1114112K
  class space    used 3494K, committed 3712K, reserved 1048576K
}
Event: 3.288 GC heap after
{Heap after GC invocations=6 (full 0):
 garbage-first heap   total 65536K, used 24064K [0x0000000081e00000, 0x0000000100000000)
  region size 1024K, 2 young (2048K), 2 survivors (2048K)
 Metaspace       used 26785K, committed 27264K, reserved 1114112K
  class space    used 3494K, committed 3712K, reserved 1048576K
}
Event: 3.810 GC heap before
{Heap before GC invocations=6 (full 0):
 garbage-first heap   total 65536K, used 51712K [0x0000000081e00000, 0x0000000100000000)
  region size 1024K, 29 young (29696K), 2 survivors (2048K)
 Metaspace       used 30103K, committed 30592K, reserved 1114112K
  class space    used 4082K, committed 4288K, reserved 1048576K
}
Event: 3.816 GC heap after
{Heap after GC invocations=7 (full 0):
 garbage-first heap   total 78848K, used 25795K [0x0000000081e00000, 0x0000000100000000)
  region size 1024K, 4 young (4096K), 4 survivors (4096K)
 Metaspace       used 30103K, committed 30592K, reserved 1114112K
  class space    used 4082K, committed 4288K, reserved 1048576K
}
Event: 4.936 GC heap before
{Heap before GC invocations=7 (full 0):
 garbage-first heap   total 78848K, used 60611K [0x0000000081e00000, 0x0000000100000000)
  region size 1024K, 39 young (39936K), 4 survivors (4096K)
 Metaspace       used 35398K, committed 35968K, reserved 1114112K
  class space    used 4861K, committed 5120K, reserved 1048576K
}
Event: 4.941 GC heap after
{Heap after GC invocations=8 (full 0):
 garbage-first heap   total 78848K, used 29349K [0x0000000081e00000, 0x0000000100000000)
  region size 1024K, 6 young (6144K), 6 survivors (6144K)
 Metaspace       used 35398K, committed 35968K, reserved 1114112K
  class space    used 4861K, committed 5120K, reserved 1048576K
}
Event: 6.615 GC heap before
{Heap before GC invocations=9 (full 0):
 garbage-first heap   total 78848K, used 64165K [0x0000000081e00000, 0x0000000100000000)
  region size 1024K, 41 young (41984K), 6 survivors (6144K)
 Metaspace       used 44885K, committed 45504K, reserved 1114112K
  class space    used 6087K, committed 6336K, reserved 1048576K
}
Event: 6.620 GC heap after
{Heap after GC invocations=10 (full 0):
 garbage-first heap   total 78848K, used 31595K [0x0000000081e00000, 0x0000000100000000)
  region size 1024K, 3 young (3072K), 3 survivors (3072K)
 Metaspace       used 44885K, committed 45504K, reserved 1114112K
  class space    used 6087K, committed 6336K, reserved 1048576K
}
Event: 7.750 GC heap before
{Heap before GC invocations=10 (full 0):
 garbage-first heap   total 78848K, used 66411K [0x0000000081e00000, 0x0000000100000000)
  region size 1024K, 37 young (37888K), 3 survivors (3072K)
 Metaspace       used 53528K, committed 54208K, reserved 1114112K
  class space    used 7312K, committed 7616K, reserved 1048576K
}
Event: 7.754 GC heap after
{Heap after GC invocations=11 (full 0):
 garbage-first heap   total 78848K, used 32511K [0x0000000081e00000, 0x0000000100000000)
  region size 1024K, 4 young (4096K), 4 survivors (4096K)
 Metaspace       used 53528K, committed 54208K, reserved 1114112K
  class space    used 7312K, committed 7616K, reserved 1048576K
}

